Analysis & Synthesis report for tricolor
Tue Sep 26 16:08:21 2023
Quartus Prime Version 21.1.0 Build 842 10/21/2021 SJ Lite Edition


---------------------
; Table of Contents ;
---------------------
  1. Legal Notice
  2. Analysis & Synthesis Summary
  3. Analysis & Synthesis Settings
  4. Parallel Compilation
  5. Analysis & Synthesis Source Files Read
  6. Analysis & Synthesis Resource Usage Summary
  7. Analysis & Synthesis Resource Utilization by Entity
  8. Registers Removed During Synthesis
  9. Removed Registers Triggering Further Register Optimizations
 10. General Register Statistics
 11. Source assignments for rom:inst|altsyncram:altsyncram_component|altsyncram_i224:auto_generated
 12. Parameter Settings for User Entity Instance: rom:inst|altsyncram:altsyncram_component
 13. altsyncram Parameter Settings by Entity Instance
 14. Post-Synthesis Netlist Statistics for Top Partition
 15. Elapsed Time Per Partition
 16. Analysis & Synthesis Messages



----------------
; Legal Notice ;
----------------
Copyright (C) 2021  Intel Corporation. All rights reserved.
Your use of Intel Corporation's design tools, logic functions 
and other software and tools, and any partner logic 
functions, and any output files from any of the foregoing 
(including device programming or simulation files), and any 
associated documentation or information are expressly subject 
to the terms and conditions of the Intel Program License 
Subscription Agreement, the Intel Quartus Prime License Agreement,
the Intel FPGA IP License Agreement, or other applicable license
agreement, including, without limitation, that your use is for
the sole purpose of programming logic devices manufactured by
Intel and sold by Intel or its authorized distributors.  Please
refer to the applicable agreement for further details, at
https://fpgasoftware.intel.com/eula.



+-------------------------------------------------------------------------------+
; Analysis & Synthesis Summary                                                  ;
+---------------------------------+---------------------------------------------+
; Analysis & Synthesis Status     ; Successful - Tue Sep 26 16:08:21 2023       ;
; Quartus Prime Version           ; 21.1.0 Build 842 10/21/2021 SJ Lite Edition ;
; Revision Name                   ; tricolor                                    ;
; Top-level Entity Name           ; tricolor                                    ;
; Family                          ; Cyclone V                                   ;
; Logic utilization (in ALMs)     ; N/A                                         ;
; Total registers                 ; 0                                           ;
; Total pins                      ; 2                                           ;
; Total virtual pins              ; 0                                           ;
; Total block memory bits         ; 0                                           ;
; Total DSP Blocks                ; 0                                           ;
; Total HSSI RX PCSs              ; 0                                           ;
; Total HSSI PMA RX Deserializers ; 0                                           ;
; Total HSSI TX PCSs              ; 0                                           ;
; Total HSSI PMA TX Serializers   ; 0                                           ;
; Total PLLs                      ; 0                                           ;
; Total DLLs                      ; 0                                           ;
+---------------------------------+---------------------------------------------+


+---------------------------------------------------------------------------------------------------------------------------+
; Analysis & Synthesis Settings                                                                                             ;
+---------------------------------------------------------------------------------+--------------------+--------------------+
; Option                                                                          ; Setting            ; Default Value      ;
+---------------------------------------------------------------------------------+--------------------+--------------------+
; Device                                                                          ; 5CEBA4F23C7        ;                    ;
; Top-level entity name                                                           ; tricolor           ; tricolor           ;
; Family name                                                                     ; Cyclone V          ; Cyclone V          ;
; Use smart compilation                                                           ; Off                ; Off                ;
; Enable parallel Assembler and Timing Analyzer during compilation                ; On                 ; On                 ;
; Enable compact report table                                                     ; Off                ; Off                ;
; Restructure Multiplexers                                                        ; Auto               ; Auto               ;
; MLAB Add Timing Constraints For Mixed-Port Feed-Through Mode Setting Don't Care ; Off                ; Off                ;
; Create Debugging Nodes for IP Cores                                             ; Off                ; Off                ;
; Preserve fewer node names                                                       ; On                 ; On                 ;
; Intel FPGA IP Evaluation Mode                                                   ; Enable             ; Enable             ;
; Verilog Version                                                                 ; Verilog_2001       ; Verilog_2001       ;
; VHDL Version                                                                    ; VHDL_1993          ; VHDL_1993          ;
; State Machine Processing                                                        ; Auto               ; Auto               ;
; Safe State Machine                                                              ; Off                ; Off                ;
; Extract Verilog State Machines                                                  ; On                 ; On                 ;
; Extract VHDL State Machines                                                     ; On                 ; On                 ;
; Ignore Verilog initial constructs                                               ; Off                ; Off                ;
; Iteration limit for constant Verilog loops                                      ; 5000               ; 5000               ;
; Iteration limit for non-constant Verilog loops                                  ; 250                ; 250                ;
; Add Pass-Through Logic to Inferred RAMs                                         ; On                 ; On                 ;
; Infer RAMs from Raw Logic                                                       ; On                 ; On                 ;
; Parallel Synthesis                                                              ; On                 ; On                 ;
; DSP Block Balancing                                                             ; Auto               ; Auto               ;
; NOT Gate Push-Back                                                              ; On                 ; On                 ;
; Power-Up Don't Care                                                             ; On                 ; On                 ;
; Remove Redundant Logic Cells                                                    ; Off                ; Off                ;
; Remove Duplicate Registers                                                      ; On                 ; On                 ;
; Ignore CARRY Buffers                                                            ; Off                ; Off                ;
; Ignore CASCADE Buffers                                                          ; Off                ; Off                ;
; Ignore GLOBAL Buffers                                                           ; Off                ; Off                ;
; Ignore ROW GLOBAL Buffers                                                       ; Off                ; Off                ;
; Ignore LCELL Buffers                                                            ; Off                ; Off                ;
; Ignore SOFT Buffers                                                             ; On                 ; On                 ;
; Limit AHDL Integers to 32 Bits                                                  ; Off                ; Off                ;
; Optimization Technique                                                          ; Balanced           ; Balanced           ;
; Carry Chain Length                                                              ; 70                 ; 70                 ;
; Auto Carry Chains                                                               ; On                 ; On                 ;
; Auto Open-Drain Pins                                                            ; On                 ; On                 ;
; Perform WYSIWYG Primitive Resynthesis                                           ; Off                ; Off                ;
; Auto ROM Replacement                                                            ; On                 ; On                 ;
; Auto RAM Replacement                                                            ; On                 ; On                 ;
; Auto DSP Block Replacement                                                      ; On                 ; On                 ;
; Auto Shift Register Replacement                                                 ; Auto               ; Auto               ;
; Allow Shift Register Merging across Hierarchies                                 ; Auto               ; Auto               ;
; Auto Clock Enable Replacement                                                   ; On                 ; On                 ;
; Strict RAM Replacement                                                          ; Off                ; Off                ;
; Allow Synchronous Control Signals                                               ; On                 ; On                 ;
; Force Use of Synchronous Clear Signals                                          ; Off                ; Off                ;
; Auto Resource Sharing                                                           ; Off                ; Off                ;
; Allow Any RAM Size For Recognition                                              ; Off                ; Off                ;
; Allow Any ROM Size For Recognition                                              ; Off                ; Off                ;
; Allow Any Shift Register Size For Recognition                                   ; Off                ; Off                ;
; Use LogicLock Constraints during Resource Balancing                             ; On                 ; On                 ;
; Ignore translate_off and synthesis_off directives                               ; Off                ; Off                ;
; Timing-Driven Synthesis                                                         ; On                 ; On                 ;
; Report Parameter Settings                                                       ; On                 ; On                 ;
; Report Source Assignments                                                       ; On                 ; On                 ;
; Report Connectivity Checks                                                      ; On                 ; On                 ;
; Ignore Maximum Fan-Out Assignments                                              ; Off                ; Off                ;
; Synchronization Register Chain Length                                           ; 3                  ; 3                  ;
; Power Optimization During Synthesis                                             ; Normal compilation ; Normal compilation ;
; HDL message level                                                               ; Level2             ; Level2             ;
; Suppress Register Optimization Related Messages                                 ; Off                ; Off                ;
; Number of Removed Registers Reported in Synthesis Report                        ; 5000               ; 5000               ;
; Number of Swept Nodes Reported in Synthesis Report                              ; 5000               ; 5000               ;
; Number of Inverted Registers Reported in Synthesis Report                       ; 100                ; 100                ;
; Clock MUX Protection                                                            ; On                 ; On                 ;
; Auto Gated Clock Conversion                                                     ; Off                ; Off                ;
; Block Design Naming                                                             ; Auto               ; Auto               ;
; SDC constraint protection                                                       ; Off                ; Off                ;
; Synthesis Effort                                                                ; Auto               ; Auto               ;
; Shift Register Replacement - Allow Asynchronous Clear Signal                    ; On                 ; On                 ;
; Pre-Mapping Resynthesis Optimization                                            ; Off                ; Off                ;
; Analysis & Synthesis Message Level                                              ; Medium             ; Medium             ;
; Disable Register Merging Across Hierarchies                                     ; Auto               ; Auto               ;
; Resource Aware Inference For Block RAM                                          ; On                 ; On                 ;
; Automatic Parallel Synthesis                                                    ; On                 ; On                 ;
; Partial Reconfiguration Bitstream ID                                            ; Off                ; Off                ;
+---------------------------------------------------------------------------------+--------------------+--------------------+


+------------------------------------------+
; Parallel Compilation                     ;
+----------------------------+-------------+
; Processors                 ; Number      ;
+----------------------------+-------------+
; Number detected on machine ; 4           ;
; Maximum allowed            ; 4           ;
;                            ;             ;
; Average used               ; 1.00        ;
; Maximum used               ; 1           ;
;                            ;             ;
; Usage by Processor         ; % Time Used ;
;     Processor 1            ; 100.0%      ;
+----------------------------+-------------+


+-----------------------------------------------------------------------------------------------------------------------------------------------------------------------------------------------------------+
; Analysis & Synthesis Source Files Read                                                                                                                                                                    ;
+----------------------------------+-----------------+------------------------------------------+-------------------------------------------------------------------------------------------------+---------+
; File Name with User-Entered Path ; Used in Netlist ; File Type                                ; File Name with Absolute Path                                                                    ; Library ;
+----------------------------------+-----------------+------------------------------------------+-------------------------------------------------------------------------------------------------+---------+
; tricolor.bdf                     ; yes             ; User Block Diagram/Schematic File        ; C:/Users/11814183/Documents/GitHub/Processador/main/tricolor/tricolor.bdf                       ;         ;
; rom.vhd                          ; yes             ; Auto-Found Wizard-Generated File         ; C:/Users/11814183/Documents/GitHub/Processador/rom/dependencies/rom.vhd                         ;         ;
; altsyncram.tdf                   ; yes             ; Megafunction                             ; c:/intelfpga_lite/21.1/quartus/libraries/megafunctions/altsyncram.tdf                           ;         ;
; stratix_ram_block.inc            ; yes             ; Megafunction                             ; c:/intelfpga_lite/21.1/quartus/libraries/megafunctions/stratix_ram_block.inc                    ;         ;
; lpm_mux.inc                      ; yes             ; Megafunction                             ; c:/intelfpga_lite/21.1/quartus/libraries/megafunctions/lpm_mux.inc                              ;         ;
; lpm_decode.inc                   ; yes             ; Megafunction                             ; c:/intelfpga_lite/21.1/quartus/libraries/megafunctions/lpm_decode.inc                           ;         ;
; aglobal211.inc                   ; yes             ; Megafunction                             ; c:/intelfpga_lite/21.1/quartus/libraries/megafunctions/aglobal211.inc                           ;         ;
; a_rdenreg.inc                    ; yes             ; Megafunction                             ; c:/intelfpga_lite/21.1/quartus/libraries/megafunctions/a_rdenreg.inc                            ;         ;
; altrom.inc                       ; yes             ; Megafunction                             ; c:/intelfpga_lite/21.1/quartus/libraries/megafunctions/altrom.inc                               ;         ;
; altram.inc                       ; yes             ; Megafunction                             ; c:/intelfpga_lite/21.1/quartus/libraries/megafunctions/altram.inc                               ;         ;
; altdpram.inc                     ; yes             ; Megafunction                             ; c:/intelfpga_lite/21.1/quartus/libraries/megafunctions/altdpram.inc                             ;         ;
; db/altsyncram_i224.tdf           ; yes             ; Auto-Generated Megafunction              ; C:/Users/11814183/Documents/GitHub/Processador/main/tricolor/db/altsyncram_i224.tdf             ;         ;
; ../Mem01.mif                     ; yes             ; Auto-Found Memory Initialization File    ; C:/Users/11814183/Documents/GitHub/Processador/main/Mem01.mif                                   ;         ;
; contador.bdf                     ; yes             ; Auto-Found Block Diagram/Schematic File  ; C:/Users/11814183/Documents/GitHub/Processador/contador/dependencies/contador.bdf               ;         ;
; jump.bdf                         ; yes             ; Auto-Found Block Diagram/Schematic File  ; C:/Users/11814183/Documents/GitHub/Processador/contador/dependencies/jump.bdf                   ;         ;
; unidadecontrole.bdf              ; yes             ; Auto-Found Block Diagram/Schematic File  ; C:/Users/11814183/Documents/GitHub/Processador/unidadecontrole/dependencies/unidadecontrole.bdf ;         ;
; extract.bdf                      ; yes             ; Auto-Found Block Diagram/Schematic File  ; C:/Users/11814183/Documents/GitHub/Processador/unidadecontrole/dependencies/extract.bdf         ;         ;
; muxbarula.bdf                    ; yes             ; Auto-Found Block Diagram/Schematic File  ; C:/Users/11814183/Documents/GitHub/Processador/unidadecontrole/dependencies/muxbarula.bdf       ;         ;
; registrador.bdf                  ; yes             ; Auto-Found Block Diagram/Schematic File  ; C:/Users/11814183/Documents/GitHub/Processador/registrador/dependencies/registrador.bdf         ;         ;
; mux2x1.bdf                       ; yes             ; Auto-Found Block Diagram/Schematic File  ; C:/Users/11814183/Documents/GitHub/Processador/registrador/dependencies/mux2x1.bdf              ;         ;
; ula.bdf                          ; yes             ; Auto-Found Block Diagram/Schematic File  ; C:/Users/11814183/Documents/GitHub/Processador/ula/dependencies/ula.bdf                         ;         ;
; aula06.bdf                       ; yes             ; Auto-Found Block Diagram/Schematic File  ; C:/Users/11814183/Documents/GitHub/Processador/ula/dependencies/aula06.bdf                      ;         ;
; aula05.bdf                       ; yes             ; Auto-Found Block Diagram/Schematic File  ; C:/Users/11814183/Documents/GitHub/Processador/ula/dependencies/aula05.bdf                      ;         ;
; aula08.bdf                       ; yes             ; Auto-Found Block Diagram/Schematic File  ; C:/Users/11814183/Documents/GitHub/Processador/ula/dependencies/aula08.bdf                      ;         ;
; aula07.bdf                       ; yes             ; Auto-Found Block Diagram/Schematic File  ; C:/Users/11814183/Documents/GitHub/Processador/ula/dependencies/aula07.bdf                      ;         ;
; aula10.bdf                       ; yes             ; Auto-Found Block Diagram/Schematic File  ; C:/Users/11814183/Documents/GitHub/Processador/ula/dependencies/aula10.bdf                      ;         ;
; aula11.bdf                       ; yes             ; Auto-Found Block Diagram/Schematic File  ; C:/Users/11814183/Documents/GitHub/Processador/ula/dependencies/aula11.bdf                      ;         ;
; mux2.bdf                         ; yes             ; Auto-Found Block Diagram/Schematic File  ; C:/Users/11814183/Documents/GitHub/Processador/ula/dependencies/mux2.bdf                        ;         ;
+----------------------------------+-----------------+------------------------------------------+-------------------------------------------------------------------------------------------------+---------+


+-----------------------------------------------------+
; Analysis & Synthesis Resource Usage Summary         ;
+---------------------------------------------+-------+
; Resource                                    ; Usage ;
+---------------------------------------------+-------+
; Estimate of Logic utilization (ALMs needed) ; 0     ;
;                                             ;       ;
; Combinational ALUT usage for logic          ; 0     ;
;     -- 7 input functions                    ; 0     ;
;     -- 6 input functions                    ; 0     ;
;     -- 5 input functions                    ; 0     ;
;     -- 4 input functions                    ; 0     ;
;     -- <=3 input functions                  ; 0     ;
;                                             ;       ;
; Dedicated logic registers                   ; 0     ;
;                                             ;       ;
; I/O pins                                    ; 2     ;
;                                             ;       ;
; Total DSP Blocks                            ; 0     ;
;                                             ;       ;
; Maximum fan-out node                        ; CLK   ;
; Maximum fan-out                             ; 1     ;
; Total fan-out                               ; 2     ;
; Average fan-out                             ; 0.50  ;
+---------------------------------------------+-------+


+----------------------------------------------------------------------------------------------------------------------------------------------------------------------------------------+
; Analysis & Synthesis Resource Utilization by Entity                                                                                                                                    ;
+----------------------------+---------------------+---------------------------+-------------------+------------+------+--------------+---------------------+-------------+--------------+
; Compilation Hierarchy Node ; Combinational ALUTs ; Dedicated Logic Registers ; Block Memory Bits ; DSP Blocks ; Pins ; Virtual Pins ; Full Hierarchy Name ; Entity Name ; Library Name ;
+----------------------------+---------------------+---------------------------+-------------------+------------+------+--------------+---------------------+-------------+--------------+
; |tricolor                  ; 0 (0)               ; 0 (0)                     ; 0                 ; 0          ; 2    ; 0            ; |tricolor           ; tricolor    ; work         ;
+----------------------------+---------------------+---------------------------+-------------------+------------+------+--------------+---------------------+-------------+--------------+
Note: For table entries with two numbers listed, the numbers in parentheses indicate the number of resources of the given type used by the specific entity alone. The numbers listed outside of parentheses indicate the total resources of the given type used by the specific entity and all of its sub-entities in the hierarchy.


+------------------------------------------------------------+
; Registers Removed During Synthesis                         ;
+---------------------------------------+--------------------+
; Register name                         ; Reason for Removal ;
+---------------------------------------+--------------------+
; Contador:inst1|inst1                  ; Lost fanout        ;
; Contador:inst1|inst3                  ; Lost fanout        ;
; Contador:inst1|inst5                  ; Lost fanout        ;
; Contador:inst1|inst7                  ; Lost fanout        ;
; Contador:inst1|inst9                  ; Lost fanout        ;
; Contador:inst1|inst11                 ; Lost fanout        ;
; Contador:inst1|inst13                 ; Lost fanout        ;
; Contador:inst1|inst3183278            ; Lost fanout        ;
; Total Number of Removed Registers = 8 ;                    ;
+---------------------------------------+--------------------+


+---------------------------------------------------------------------------------------------------------------+
; Removed Registers Triggering Further Register Optimizations                                                   ;
+----------------------+--------------------+-------------------------------------------------------------------+
; Register name        ; Reason for Removal ; Registers Removed due to This Register                            ;
+----------------------+--------------------+-------------------------------------------------------------------+
; Contador:inst1|inst1 ; Lost Fanouts       ; Contador:inst1|inst3, Contador:inst1|inst5, Contador:inst1|inst7, ;
;                      ;                    ; Contador:inst1|inst3183278                                        ;
+----------------------+--------------------+-------------------------------------------------------------------+


+------------------------------------------------------+
; General Register Statistics                          ;
+----------------------------------------------+-------+
; Statistic                                    ; Value ;
+----------------------------------------------+-------+
; Total registers                              ; 0     ;
; Number of registers using Synchronous Clear  ; 0     ;
; Number of registers using Synchronous Load   ; 0     ;
; Number of registers using Asynchronous Clear ; 0     ;
; Number of registers using Asynchronous Load  ; 0     ;
; Number of registers using Clock Enable       ; 0     ;
; Number of registers using Preset             ; 0     ;
+----------------------------------------------+-------+


+------------------------------------------------------------------------------------------------+
; Source assignments for rom:inst|altsyncram:altsyncram_component|altsyncram_i224:auto_generated ;
+---------------------------------+--------------------+------+----------------------------------+
; Assignment                      ; Value              ; From ; To                               ;
+---------------------------------+--------------------+------+----------------------------------+
; OPTIMIZE_POWER_DURING_SYNTHESIS ; NORMAL_COMPILATION ; -    ; -                                ;
+---------------------------------+--------------------+------+----------------------------------+


+---------------------------------------------------------------------------------------+
; Parameter Settings for User Entity Instance: rom:inst|altsyncram:altsyncram_component ;
+------------------------------------+----------------------+---------------------------+
; Parameter Name                     ; Value                ; Type                      ;
+------------------------------------+----------------------+---------------------------+
; BYTE_SIZE_BLOCK                    ; 8                    ; Untyped                   ;
; AUTO_CARRY_CHAINS                  ; ON                   ; AUTO_CARRY                ;
; IGNORE_CARRY_BUFFERS               ; OFF                  ; IGNORE_CARRY              ;
; AUTO_CASCADE_CHAINS                ; ON                   ; AUTO_CASCADE              ;
; IGNORE_CASCADE_BUFFERS             ; OFF                  ; IGNORE_CASCADE            ;
; WIDTH_BYTEENA                      ; 1                    ; Untyped                   ;
; OPERATION_MODE                     ; ROM                  ; Untyped                   ;
; WIDTH_A                            ; 16                   ; Signed Integer            ;
; WIDTHAD_A                          ; 8                    ; Signed Integer            ;
; NUMWORDS_A                         ; 256                  ; Signed Integer            ;
; OUTDATA_REG_A                      ; UNREGISTERED         ; Untyped                   ;
; ADDRESS_ACLR_A                     ; NONE                 ; Untyped                   ;
; OUTDATA_ACLR_A                     ; NONE                 ; Untyped                   ;
; WRCONTROL_ACLR_A                   ; NONE                 ; Untyped                   ;
; INDATA_ACLR_A                      ; NONE                 ; Untyped                   ;
; BYTEENA_ACLR_A                     ; NONE                 ; Untyped                   ;
; WIDTH_B                            ; 1                    ; Signed Integer            ;
; WIDTHAD_B                          ; 1                    ; Signed Integer            ;
; NUMWORDS_B                         ; 0                    ; Signed Integer            ;
; INDATA_REG_B                       ; CLOCK1               ; Untyped                   ;
; WRCONTROL_WRADDRESS_REG_B          ; CLOCK1               ; Untyped                   ;
; RDCONTROL_REG_B                    ; CLOCK1               ; Untyped                   ;
; ADDRESS_REG_B                      ; CLOCK1               ; Untyped                   ;
; OUTDATA_REG_B                      ; UNREGISTERED         ; Untyped                   ;
; BYTEENA_REG_B                      ; CLOCK1               ; Untyped                   ;
; INDATA_ACLR_B                      ; NONE                 ; Untyped                   ;
; WRCONTROL_ACLR_B                   ; NONE                 ; Untyped                   ;
; ADDRESS_ACLR_B                     ; NONE                 ; Untyped                   ;
; OUTDATA_ACLR_B                     ; NONE                 ; Untyped                   ;
; RDCONTROL_ACLR_B                   ; NONE                 ; Untyped                   ;
; BYTEENA_ACLR_B                     ; NONE                 ; Untyped                   ;
; WIDTH_BYTEENA_A                    ; 1                    ; Signed Integer            ;
; WIDTH_BYTEENA_B                    ; 1                    ; Signed Integer            ;
; RAM_BLOCK_TYPE                     ; AUTO                 ; Untyped                   ;
; BYTE_SIZE                          ; 8                    ; Signed Integer            ;
; READ_DURING_WRITE_MODE_MIXED_PORTS ; DONT_CARE            ; Untyped                   ;
; READ_DURING_WRITE_MODE_PORT_A      ; NEW_DATA_NO_NBE_READ ; Untyped                   ;
; READ_DURING_WRITE_MODE_PORT_B      ; NEW_DATA_NO_NBE_READ ; Untyped                   ;
; INIT_FILE                          ; ../Mem01.mif         ; Untyped                   ;
; INIT_FILE_LAYOUT                   ; PORT_A               ; Untyped                   ;
; MAXIMUM_DEPTH                      ; 0                    ; Signed Integer            ;
; CLOCK_ENABLE_INPUT_A               ; BYPASS               ; Untyped                   ;
; CLOCK_ENABLE_INPUT_B               ; NORMAL               ; Untyped                   ;
; CLOCK_ENABLE_OUTPUT_A              ; BYPASS               ; Untyped                   ;
; CLOCK_ENABLE_OUTPUT_B              ; NORMAL               ; Untyped                   ;
; CLOCK_ENABLE_CORE_A                ; USE_INPUT_CLKEN      ; Untyped                   ;
; CLOCK_ENABLE_CORE_B                ; USE_INPUT_CLKEN      ; Untyped                   ;
; ENABLE_ECC                         ; FALSE                ; Untyped                   ;
; ECC_PIPELINE_STAGE_ENABLED         ; FALSE                ; Untyped                   ;
; WIDTH_ECCSTATUS                    ; 3                    ; Signed Integer            ;
; DEVICE_FAMILY                      ; Cyclone V            ; Untyped                   ;
; CBXI_PARAMETER                     ; altsyncram_i224      ; Untyped                   ;
+------------------------------------+----------------------+---------------------------+
Note: In order to hide this table in the UI and the text report file, please set the "Show Parameter Settings in Synthesis Report" option in "Analysis and Synthesis Settings -> More Settings" to "Off".


+--------------------------------------------------------------------------------------+
; altsyncram Parameter Settings by Entity Instance                                     ;
+-------------------------------------------+------------------------------------------+
; Name                                      ; Value                                    ;
+-------------------------------------------+------------------------------------------+
; Number of entity instances                ; 1                                        ;
; Entity Instance                           ; rom:inst|altsyncram:altsyncram_component ;
;     -- OPERATION_MODE                     ; ROM                                      ;
;     -- WIDTH_A                            ; 16                                       ;
;     -- NUMWORDS_A                         ; 256                                      ;
;     -- OUTDATA_REG_A                      ; UNREGISTERED                             ;
;     -- WIDTH_B                            ; 1                                        ;
;     -- NUMWORDS_B                         ; 0                                        ;
;     -- ADDRESS_REG_B                      ; CLOCK1                                   ;
;     -- OUTDATA_REG_B                      ; UNREGISTERED                             ;
;     -- RAM_BLOCK_TYPE                     ; AUTO                                     ;
;     -- READ_DURING_WRITE_MODE_MIXED_PORTS ; DONT_CARE                                ;
+-------------------------------------------+------------------------------------------+


+-----------------------------------------------------+
; Post-Synthesis Netlist Statistics for Top Partition ;
+-------------------+---------------------------------+
; Type              ; Count                           ;
+-------------------+---------------------------------+
; boundary_port     ; 2                               ;
;                   ;                                 ;
; Max LUT depth     ; 0.00                            ;
; Average LUT depth ; 0.00                            ;
+-------------------+---------------------------------+


+-------------------------------+
; Elapsed Time Per Partition    ;
+----------------+--------------+
; Partition Name ; Elapsed Time ;
+----------------+--------------+
; Top            ; 00:00:00     ;
+----------------+--------------+


+-------------------------------+
; Analysis & Synthesis Messages ;
+-------------------------------+
Info: *******************************************************************
Info: Running Quartus Prime Analysis & Synthesis
    Info: Version 21.1.0 Build 842 10/21/2021 SJ Lite Edition
    Info: Processing started: Tue Sep 26 16:08:12 2023
Info: Command: quartus_map --read_settings_files=on --write_settings_files=off tricolor -c tricolor
Warning (18236): Number of processors has not been specified which may cause overloading on shared machines.  Set the global assignment NUM_PARALLEL_PROCESSORS in your QSF to an appropriate value for best performance.
Info (20030): Parallel compilation is enabled and will use 4 of the 4 processors detected
Info (12021): Found 1 design units, including 1 entities, in source file tricolor.bdf
    Info (12023): Found entity 1: tricolor
Info (12127): Elaborating entity "tricolor" for the top level hierarchy
Warning (12125): Using design file /users/11814183/documents/github/processador/rom/dependencies/rom.vhd, which is not specified as a design file for the current project, but contains definitions for 2 design units and 1 entities in project
    Info (12022): Found design unit 1: rom-SYN File: C:/Users/11814183/Documents/GitHub/Processador/rom/dependencies/rom.vhd Line: 53
    Info (12023): Found entity 1: rom File: C:/Users/11814183/Documents/GitHub/Processador/rom/dependencies/rom.vhd Line: 43
Info (12128): Elaborating entity "rom" for hierarchy "rom:inst"
Info (12128): Elaborating entity "altsyncram" for hierarchy "rom:inst|altsyncram:altsyncram_component" File: C:/Users/11814183/Documents/GitHub/Processador/rom/dependencies/rom.vhd Line: 60
Info (12130): Elaborated megafunction instantiation "rom:inst|altsyncram:altsyncram_component" File: C:/Users/11814183/Documents/GitHub/Processador/rom/dependencies/rom.vhd Line: 60
Info (12133): Instantiated megafunction "rom:inst|altsyncram:altsyncram_component" with the following parameter: File: C:/Users/11814183/Documents/GitHub/Processador/rom/dependencies/rom.vhd Line: 60
    Info (12134): Parameter "address_aclr_a" = "NONE"
    Info (12134): Parameter "address_aclr_b" = "NONE"
    Info (12134): Parameter "address_reg_b" = "CLOCK1"
    Info (12134): Parameter "byte_size" = "8"
    Info (12134): Parameter "byteena_aclr_a" = "UNUSED"
    Info (12134): Parameter "byteena_aclr_b" = "NONE"
    Info (12134): Parameter "byteena_reg_b" = "CLOCK1"
    Info (12134): Parameter "clock_enable_core_a" = "USE_INPUT_CLKEN"
    Info (12134): Parameter "clock_enable_core_b" = "USE_INPUT_CLKEN"
    Info (12134): Parameter "clock_enable_input_a" = "BYPASS"
    Info (12134): Parameter "clock_enable_input_b" = "NORMAL"
    Info (12134): Parameter "clock_enable_output_a" = "BYPASS"
    Info (12134): Parameter "clock_enable_output_b" = "NORMAL"
    Info (12134): Parameter "intended_device_family" = "Cyclone V"
    Info (12134): Parameter "ecc_pipeline_stage_enabled" = "FALSE"
    Info (12134): Parameter "enable_ecc" = "FALSE"
    Info (12134): Parameter "implement_in_les" = "OFF"
    Info (12134): Parameter "indata_aclr_a" = "UNUSED"
    Info (12134): Parameter "indata_aclr_b" = "NONE"
    Info (12134): Parameter "indata_reg_b" = "CLOCK1"
    Info (12134): Parameter "init_file" = "../Mem01.mif"
    Info (12134): Parameter "init_file_layout" = "PORT_A"
    Info (12134): Parameter "maximum_depth" = "0"
    Info (12134): Parameter "numwords_a" = "256"
    Info (12134): Parameter "numwords_b" = "0"
    Info (12134): Parameter "operation_mode" = "ROM"
    Info (12134): Parameter "outdata_aclr_a" = "NONE"
    Info (12134): Parameter "outdata_aclr_b" = "NONE"
    Info (12134): Parameter "outdata_reg_a" = "UNREGISTERED"
    Info (12134): Parameter "outdata_reg_b" = "UNREGISTERED"
    Info (12134): Parameter "power_up_uninitialized" = "FALSE"
    Info (12134): Parameter "ram_block_type" = "AUTO"
    Info (12134): Parameter "rdcontrol_aclr_b" = "NONE"
    Info (12134): Parameter "rdcontrol_reg_b" = "CLOCK1"
    Info (12134): Parameter "read_during_write_mode_mixed_ports" = "DONT_CARE"
    Info (12134): Parameter "read_during_write_mode_port_a" = "NEW_DATA_NO_NBE_READ"
    Info (12134): Parameter "read_during_write_mode_port_b" = "NEW_DATA_NO_NBE_READ"
    Info (12134): Parameter "stratixiv_m144k_allow_dual_clocks" = "ON"
    Info (12134): Parameter "width_a" = "16"
    Info (12134): Parameter "width_b" = "1"
    Info (12134): Parameter "width_byteena_a" = "1"
    Info (12134): Parameter "width_byteena_b" = "1"
    Info (12134): Parameter "width_eccstatus" = "3"
    Info (12134): Parameter "widthad_a" = "8"
    Info (12134): Parameter "widthad_b" = "1"
    Info (12134): Parameter "wrcontrol_aclr_a" = "UNUSED"
    Info (12134): Parameter "wrcontrol_aclr_b" = "NONE"
    Info (12134): Parameter "wrcontrol_wraddress_reg_b" = "CLOCK1"
    Info (12134): Parameter "lpm_hint" = "ENABLE_RUNTIME_MOD=NO"
    Info (12134): Parameter "lpm_type" = "altsyncram"
Info (12021): Found 1 design units, including 1 entities, in source file db/altsyncram_i224.tdf
    Info (12023): Found entity 1: altsyncram_i224 File: C:/Users/11814183/Documents/GitHub/Processador/main/tricolor/db/altsyncram_i224.tdf Line: 28
Info (12128): Elaborating entity "altsyncram_i224" for hierarchy "rom:inst|altsyncram:altsyncram_component|altsyncram_i224:auto_generated" File: c:/intelfpga_lite/21.1/quartus/libraries/megafunctions/altsyncram.tdf Line: 792
Warning (12125): Using design file /users/11814183/documents/github/processador/contador/dependencies/contador.bdf, which is not specified as a design file for the current project, but contains definitions for 1 design units and 1 entities in project
    Info (12023): Found entity 1: Contador
Info (12128): Elaborating entity "Contador" for hierarchy "Contador:inst1"
Warning (12125): Using design file /users/11814183/documents/github/processador/contador/dependencies/jump.bdf, which is not specified as a design file for the current project, but contains definitions for 1 design units and 1 entities in project
    Info (12023): Found entity 1: Jump
Info (12128): Elaborating entity "Jump" for hierarchy "Contador:inst1|Jump:inst14"
Warning (12125): Using design file /users/11814183/documents/github/processador/unidadecontrole/dependencies/unidadecontrole.bdf, which is not specified as a design file for the current project, but contains definitions for 1 design units and 1 entities in project
    Info (12023): Found entity 1: UnidadeControle
Info (12128): Elaborating entity "UnidadeControle" for hierarchy "UnidadeControle:inst2"
Warning (12125): Using design file /users/11814183/documents/github/processador/unidadecontrole/dependencies/extract.bdf, which is not specified as a design file for the current project, but contains definitions for 1 design units and 1 entities in project
    Info (12023): Found entity 1: extract
Info (12128): Elaborating entity "extract" for hierarchy "UnidadeControle:inst2|extract:inst"
Warning (12125): Using design file /users/11814183/documents/github/processador/unidadecontrole/dependencies/muxbarula.bdf, which is not specified as a design file for the current project, but contains definitions for 1 design units and 1 entities in project
    Info (12023): Found entity 1: muxbarula
Info (12128): Elaborating entity "muxbarula" for hierarchy "UnidadeControle:inst2|muxbarula:inst2"
Warning (12125): Using design file /users/11814183/documents/github/processador/registrador/dependencies/registrador.bdf, which is not specified as a design file for the current project, but contains definitions for 1 design units and 1 entities in project
    Info (12023): Found entity 1: registrador
Info (12128): Elaborating entity "registrador" for hierarchy "registrador:inst3"
Warning (12125): Using design file /users/11814183/documents/github/processador/registrador/dependencies/mux2x1.bdf, which is not specified as a design file for the current project, but contains definitions for 1 design units and 1 entities in project
    Info (12023): Found entity 1: MUX2x1
Info (12128): Elaborating entity "MUX2x1" for hierarchy "registrador:inst3|MUX2x1:inst5"
Warning (12125): Using design file /users/11814183/documents/github/processador/ula/dependencies/ula.bdf, which is not specified as a design file for the current project, but contains definitions for 1 design units and 1 entities in project
    Info (12023): Found entity 1: ula
Info (12128): Elaborating entity "ula" for hierarchy "ula:inst5"
Warning (12125): Using design file /users/11814183/documents/github/processador/ula/dependencies/aula06.bdf, which is not specified as a design file for the current project, but contains definitions for 1 design units and 1 entities in project
    Info (12023): Found entity 1: aula06
Info (12128): Elaborating entity "aula06" for hierarchy "ula:inst5|aula06:inst100"
Warning (12125): Using design file /users/11814183/documents/github/processador/ula/dependencies/aula05.bdf, which is not specified as a design file for the current project, but contains definitions for 1 design units and 1 entities in project
    Info (12023): Found entity 1: aula05
Info (12128): Elaborating entity "aula05" for hierarchy "ula:inst5|aula06:inst100|aula05:inst6"
Warning (12125): Using design file /users/11814183/documents/github/processador/ula/dependencies/aula08.bdf, which is not specified as a design file for the current project, but contains definitions for 1 design units and 1 entities in project
    Info (12023): Found entity 1: aula08
Info (12128): Elaborating entity "aula08" for hierarchy "ula:inst5|aula08:inst2"
Warning (12125): Using design file /users/11814183/documents/github/processador/ula/dependencies/aula07.bdf, which is not specified as a design file for the current project, but contains definitions for 1 design units and 1 entities in project
    Info (12023): Found entity 1: aula07
Info (12128): Elaborating entity "aula07" for hierarchy "ula:inst5|aula08:inst2|aula07:inst5"
Warning (12125): Using design file /users/11814183/documents/github/processador/ula/dependencies/aula10.bdf, which is not specified as a design file for the current project, but contains definitions for 1 design units and 1 entities in project
    Info (12023): Found entity 1: aula10
Info (12128): Elaborating entity "aula10" for hierarchy "ula:inst5|aula10:inst3"
Warning (12125): Using design file /users/11814183/documents/github/processador/ula/dependencies/aula11.bdf, which is not specified as a design file for the current project, but contains definitions for 1 design units and 1 entities in project
    Info (12023): Found entity 1: aula11
Info (12128): Elaborating entity "aula11" for hierarchy "ula:inst5|aula11:inst4"
Warning (12125): Using design file /users/11814183/documents/github/processador/ula/dependencies/mux2.bdf, which is not specified as a design file for the current project, but contains definitions for 1 design units and 1 entities in project
    Info (12023): Found entity 1: mux2
Info (12128): Elaborating entity "mux2" for hierarchy "ula:inst5|aula11:inst4|mux2:inst29"
Warning (14284): Synthesized away the following node(s):
    Warning (14285): Synthesized away the following RAM node(s):
        Warning (14320): Synthesized away node "rom:inst|altsyncram:altsyncram_component|altsyncram_i224:auto_generated|q_a[0]" File: C:/Users/11814183/Documents/GitHub/Processador/main/tricolor/db/altsyncram_i224.tdf Line: 35
        Warning (14320): Synthesized away node "rom:inst|altsyncram:altsyncram_component|altsyncram_i224:auto_generated|q_a[1]" File: C:/Users/11814183/Documents/GitHub/Processador/main/tricolor/db/altsyncram_i224.tdf Line: 57
        Warning (14320): Synthesized away node "rom:inst|altsyncram:altsyncram_component|altsyncram_i224:auto_generated|q_a[2]" File: C:/Users/11814183/Documents/GitHub/Processador/main/tricolor/db/altsyncram_i224.tdf Line: 79
        Warning (14320): Synthesized away node "rom:inst|altsyncram:altsyncram_component|altsyncram_i224:auto_generated|q_a[3]" File: C:/Users/11814183/Documents/GitHub/Processador/main/tricolor/db/altsyncram_i224.tdf Line: 101
        Warning (14320): Synthesized away node "rom:inst|altsyncram:altsyncram_component|altsyncram_i224:auto_generated|q_a[6]" File: C:/Users/11814183/Documents/GitHub/Processador/main/tricolor/db/altsyncram_i224.tdf Line: 167
        Warning (14320): Synthesized away node "rom:inst|altsyncram:altsyncram_component|altsyncram_i224:auto_generated|q_a[7]" File: C:/Users/11814183/Documents/GitHub/Processador/main/tricolor/db/altsyncram_i224.tdf Line: 189
        Warning (14320): Synthesized away node "rom:inst|altsyncram:altsyncram_component|altsyncram_i224:auto_generated|q_a[8]" File: C:/Users/11814183/Documents/GitHub/Processador/main/tricolor/db/altsyncram_i224.tdf Line: 211
        Warning (14320): Synthesized away node "rom:inst|altsyncram:altsyncram_component|altsyncram_i224:auto_generated|q_a[9]" File: C:/Users/11814183/Documents/GitHub/Processador/main/tricolor/db/altsyncram_i224.tdf Line: 233
        Warning (14320): Synthesized away node "rom:inst|altsyncram:altsyncram_component|altsyncram_i224:auto_generated|q_a[10]" File: C:/Users/11814183/Documents/GitHub/Processador/main/tricolor/db/altsyncram_i224.tdf Line: 255
        Warning (14320): Synthesized away node "rom:inst|altsyncram:altsyncram_component|altsyncram_i224:auto_generated|q_a[11]" File: C:/Users/11814183/Documents/GitHub/Processador/main/tricolor/db/altsyncram_i224.tdf Line: 277
Warning (14284): Synthesized away the following node(s):
    Warning (14285): Synthesized away the following RAM node(s):
        Warning (14320): Synthesized away node "rom:inst|altsyncram:altsyncram_component|altsyncram_i224:auto_generated|q_a[4]" File: C:/Users/11814183/Documents/GitHub/Processador/main/tricolor/db/altsyncram_i224.tdf Line: 123
        Warning (14320): Synthesized away node "rom:inst|altsyncram:altsyncram_component|altsyncram_i224:auto_generated|q_a[5]" File: C:/Users/11814183/Documents/GitHub/Processador/main/tricolor/db/altsyncram_i224.tdf Line: 145
        Warning (14320): Synthesized away node "rom:inst|altsyncram:altsyncram_component|altsyncram_i224:auto_generated|q_a[12]" File: C:/Users/11814183/Documents/GitHub/Processador/main/tricolor/db/altsyncram_i224.tdf Line: 299
        Warning (14320): Synthesized away node "rom:inst|altsyncram:altsyncram_component|altsyncram_i224:auto_generated|q_a[13]" File: C:/Users/11814183/Documents/GitHub/Processador/main/tricolor/db/altsyncram_i224.tdf Line: 321
        Warning (14320): Synthesized away node "rom:inst|altsyncram:altsyncram_component|altsyncram_i224:auto_generated|q_a[14]" File: C:/Users/11814183/Documents/GitHub/Processador/main/tricolor/db/altsyncram_i224.tdf Line: 343
        Warning (14320): Synthesized away node "rom:inst|altsyncram:altsyncram_component|altsyncram_i224:auto_generated|q_a[15]" File: C:/Users/11814183/Documents/GitHub/Processador/main/tricolor/db/altsyncram_i224.tdf Line: 365
Info (17049): 8 registers lost all their fanouts during netlist optimizations.
Info (16010): Generating hard_block partition "hard_block:auto_generated_inst"
    Info (16011): Adding 0 node(s), including 0 DDIO, 0 PLL, 0 transceiver and 0 LCELL
Warning (21074): Design contains 2 input pin(s) that do not drive logic
    Warning (15610): No output dependent on input pin "CLK"
    Warning (15610): No output dependent on input pin "MASTER_RESET"
Info (21057): Implemented 2 device resources after synthesis - the final resource count might be different
    Info (21058): Implemented 2 input pins
    Info (21059): Implemented 0 output pins
Info: Quartus Prime Analysis & Synthesis was successful. 0 errors, 40 warnings
    Info: Peak virtual memory: 4877 megabytes
    Info: Processing ended: Tue Sep 26 16:08:21 2023
    Info: Elapsed time: 00:00:09
    Info: Total CPU time (on all processors): 00:00:18


